#
# There is insufficient memory for the Java Runtime Environment to continue.
# Native memory allocation (mmap) failed to map 132120576 bytes for G1 virtual space
# Possible reasons:
#   The system is out of physical RAM or swap space
#   The process is running with CompressedOops enabled, and the Java Heap may be blocking the growth of the native heap
# Possible solutions:
#   Reduce memory load on the system
#   Increase physical memory or swap space
#   Check if swap backing store is full
#   Decrease Java heap size (-Xmx/-Xms)
#   Decrease number of Java threads
#   Decrease Java thread stack sizes (-Xss)
#   Set larger code cache with -XX:ReservedCodeCacheSize=
#   JVM is running with Unscaled Compressed Oops mode in which the Java heap is
#     placed in the first 4GB address space. The Java Heap base address is the
#     maximum limit for the native heap growth. Please use -XX:HeapBaseMinAddress
#     to set the Java Heap base and to place the Java Heap above 4GB virtual address.
# This output file may be truncated or incomplete.
#
#  Out of Memory Error (os_windows.cpp:3604), pid=23144, tid=2340
#
# JRE version:  (21.0.10+8) (build )
# Java VM: Java HotSpot(TM) 64-Bit Server VM (21.0.10+8-LTS-217, mixed mode, sharing, tiered, compressed oops, compressed class ptrs, g1 gc, windows-amd64)
# No core dump will be written. Minidumps are not enabled by default on client versions of Windows
#

---------------  S U M M A R Y ------------

Command Line: -XX:+ShowCodeDetailsInExceptionMessages facade.FacadeMain

Host: Intel(R) Pentium(R) Silver N5030 CPU @ 1.10GHz, 4 cores, 7G,  Windows 10 , 64 bit Build 19041 (10.0.19041.5915)
Time: Thu May 28 14:27:40 2026 India Standard Time elapsed time: 0.033603 seconds (0d 0h 0m 0s)

---------------  T H R E A D  ---------------

Current thread (0x000002b947b80410):  JavaThread "Unknown thread" [_thread_in_vm, id=2340, stack(0x000000fc54e00000,0x000000fc54f00000) (1024K)]

Stack: [0x000000fc54e00000,0x000000fc54f00000]
Native frames: (J=compiled Java code, j=interpreted, Vv=VM code, C=native code)
V  [jvm.dll+0x6d0b59]
V  [jvm.dll+0x85fd56]
V  [jvm.dll+0x86224e]
V  [jvm.dll+0x862923]
V  [jvm.dll+0x282a16]
V  [jvm.dll+0x6cd405]
V  [jvm.dll+0x6c1f8a]
V  [jvm.dll+0x35bcc8]
V  [jvm.dll+0x363986]
V  [jvm.dll+0x3b4a3e]
V  [jvm.dll+0x3b4ce8]
V  [jvm.dll+0x32f98c]
V  [jvm.dll+0x3304db]
V  [jvm.dll+0x829d3e]
V  [jvm.dll+0x3c19d1]
V  [jvm.dll+0x812c0a]
V  [jvm.dll+0x4543d1]
V  [jvm.dll+0x455e21]
C  [jli.dll+0x5310]
C  [ucrtbase.dll+0x21bb2]
C  [KERNEL32.DLL+0x17374]
C  [ntdll.dll+0x4cc91]


---------------  P R O C E S S  ---------------

Threads class SMR info:
_java_thread_list=0x00007ffb70ab8c88, length=0, elements={
}

Java Threads: ( => current thread )
Total: 0

Other Threads:
  0x000002b949dff1a0 WorkerThread "GC Thread#0"                     [id=20704, stack(0x000000fc54f00000,0x000000fc55000000) (1024K)]
  0x000002b949e0fdc0 ConcurrentGCThread "G1 Main Marker"            [id=14852, stack(0x000000fc55000000,0x000000fc55100000) (1024K)]
  0x000002b949e11070 WorkerThread "G1 Conc#0"                       [id=9556, stack(0x000000fc55100000,0x000000fc55200000) (1024K)]

[error occurred during error reporting (printing all threads), id 0xc0000005, EXCEPTION_ACCESS_VIOLATION (0xc0000005) at pc=0x00007ffb70222447]
VM state: not at safepoint (not fully initialized)

VM Mutex/Monitor currently owned by a thread:  ([mutex/lock_event])
[0x00007ffb70b2a010] Heap_lock - owner thread: 0x000002b947b80410

Heap address: 0x0000000082c00000, size: 2004 MB, Compressed Oops mode: 32-bit

CDS archive(s) mapped at: [0x0000000000000000-0x0000000000000000-0x0000000000000000), size 0, SharedBaseAddress: 0x0000000800000000, ArchiveRelocationMode: 1.
Narrow klass base: 0x0000000000000000, Narrow klass shift: 0, Narrow klass range: 0x0

GC Precious Log:
 CardTable entry size: 512
 Card Set container configuration: InlinePtr #cards 5 size 8 Array Of Cards #cards 12 size 40 Howl #buckets 4 coarsen threshold 1843 Howl Bitmap #cards 512 size 80 coarsen threshold 460 Card regions per heap region 1 cards per card region 2048

Heap:
 garbage-first heap   total 0K, used 0K [0x0000000082c00000, 0x0000000100000000)
  region size 1024K, 0 young (0K), 0 survivors (0K)

[error occurred during error reporting (printing heap information), id 0xc0000005, EXCEPTION_ACCESS_VIOLATION (0xc0000005) at pc=0x00007ffb7060ac39]
GC Heap History (0 events):
No events

Dll operation events (1 events):
Event: 0.021 Loaded shared library C:\Program Files\Java\jdk-21.0.10\bin\java.dll

Deoptimization events (0 events):
No events

Classes loaded (0 events):
No events

Classes unloaded (0 events):
No events

Classes redefined (0 events):
No events

Internal exceptions (0 events):
No events

ZGC Phase Switch (0 events):
No events

VM Operations (0 events):
No events

Events (0 events):
No events


Dynamic libraries:
0x00007ff662720000 - 0x00007ff662730000 	C:\Program Files\Java\jdk-21.0.10\bin\java.exe
0x00007ffbe2910000 - 0x00007ffbe2b08000 	C:\Windows\SYSTEM32\ntdll.dll
0x00007ffbe0a50000 - 0x00007ffbe0b12000 	C:\Windows\System32\KERNEL32.DLL
0x00007ffbe00f0000 - 0x00007ffbe03e6000 	C:\Windows\System32\KERNELBASE.dll
0x00007ffbe0650000 - 0x00007ffbe0750000 	C:\Windows\System32\ucrtbase.dll
0x00007ffbba780000 - 0x00007ffbba799000 	C:\Program Files\Java\jdk-21.0.10\bin\jli.dll
0x00007ffbba7d0000 - 0x00007ffbba7ee000 	C:\Program Files\Java\jdk-21.0.10\bin\VCRUNTIME140.dll
0x00007ffbe0b80000 - 0x00007ffbe0c31000 	C:\Windows\System32\ADVAPI32.dll
0x00007ffbe2830000 - 0x00007ffbe28ce000 	C:\Windows\System32\msvcrt.dll
0x00007ffbe2790000 - 0x00007ffbe282f000 	C:\Windows\System32\sechost.dll
0x00007ffbe0930000 - 0x00007ffbe0a50000 	C:\Windows\System32\RPCRT4.dll
0x00007ffbe07a0000 - 0x00007ffbe07c7000 	C:\Windows\System32\bcrypt.dll
0x00007ffbe1600000 - 0x00007ffbe17a1000 	C:\Windows\System32\USER32.dll
0x00007ffbe00c0000 - 0x00007ffbe00e2000 	C:\Windows\System32\win32u.dll
0x00007ffbe15d0000 - 0x00007ffbe15fb000 	C:\Windows\System32\GDI32.dll
0x00007ffbdffa0000 - 0x00007ffbe00b9000 	C:\Windows\System32\gdi32full.dll
0x00007ffbe04a0000 - 0x00007ffbe053d000 	C:\Windows\System32\msvcp_win.dll
0x00007ffbce8f0000 - 0x00007ffbceb8b000 	C:\Windows\WinSxS\amd64_microsoft.windows.common-controls_6595b64144ccf1df_6.0.19041.6456_none_60b8a6cb71f64256\COMCTL32.dll
0x00007ffbd6fc0000 - 0x00007ffbd6fca000 	C:\Windows\SYSTEM32\VERSION.dll
0x00007ffbe2570000 - 0x00007ffbe259f000 	C:\Windows\System32\IMM32.DLL
0x00007ffbd9ed0000 - 0x00007ffbd9edc000 	C:\Program Files\Java\jdk-21.0.10\bin\vcruntime140_1.dll
0x00007ffbae370000 - 0x00007ffbae3fd000 	C:\Program Files\Java\jdk-21.0.10\bin\msvcp140.dll
0x00007ffb6fee0000 - 0x00007ffb70c07000 	C:\Program Files\Java\jdk-21.0.10\bin\server\jvm.dll
0x00007ffbe2360000 - 0x00007ffbe23cb000 	C:\Windows\System32\WS2_32.dll
0x00007ffbdfe00000 - 0x00007ffbdfe4b000 	C:\Windows\SYSTEM32\POWRPROF.dll
0x00007ffbcee90000 - 0x00007ffbceeb7000 	C:\Windows\SYSTEM32\WINMM.dll
0x00007ffbdfde0000 - 0x00007ffbdfdf2000 	C:\Windows\SYSTEM32\UMPDC.dll
0x00007ffbde7b0000 - 0x00007ffbde7c2000 	C:\Windows\SYSTEM32\kernel.appcore.dll
0x00007ffbd6ec0000 - 0x00007ffbd6eca000 	C:\Program Files\Java\jdk-21.0.10\bin\jimage.dll
0x00007ffbde480000 - 0x00007ffbde681000 	C:\Windows\SYSTEM32\DBGHELP.DLL
0x00007ffbc8f90000 - 0x00007ffbc8fc4000 	C:\Windows\SYSTEM32\dbgcore.DLL
0x00007ffbe0540000 - 0x00007ffbe05c2000 	C:\Windows\System32\bcryptPrimitives.dll
0x00007ffbb6b50000 - 0x00007ffbb6b71000 	C:\Program Files\Java\jdk-21.0.10\bin\java.dll

dbghelp: loaded successfully - version: 4.0.5 - missing functions: none
symbol engine: initialized successfully - sym options: 0x614 - pdb path: .;C:\Program Files\Java\jdk-21.0.10\bin;C:\Windows\SYSTEM32;C:\Windows\WinSxS\amd64_microsoft.windows.common-controls_6595b64144ccf1df_6.0.19041.6456_none_60b8a6cb71f64256;C:\Program Files\Java\jdk-21.0.10\bin\server

VM Arguments:
jvm_args: -XX:+ShowCodeDetailsInExceptionMessages 
java_command: facade.FacadeMain
java_class_path (initial): C:\Users\singh\AppData\Roaming\Code\User\workspaceStorage\97faf9d7f1c64fb4d6b373718483c37d\redhat.java\jdt_ws\Design-Patterns_2b04e2e7\bin
Launcher Type: SUN_STANDARD

[Global flags]
     intx CICompilerCount                          = 3                                         {product} {ergonomic}
     uint ConcGCThreads                            = 1                                         {product} {ergonomic}
     uint G1ConcRefinementThreads                  = 4                                         {product} {ergonomic}
   size_t G1HeapRegionSize                         = 1048576                                   {product} {ergonomic}
    uintx GCDrainStackTargetSize                   = 64                                        {product} {ergonomic}
   size_t InitialHeapSize                          = 132120576                                 {product} {ergonomic}
   size_t MarkStackSize                            = 4194304                                   {product} {ergonomic}
   size_t MaxHeapSize                              = 2101346304                                {product} {ergonomic}
   size_t MinHeapDeltaBytes                        = 1048576                                   {product} {ergonomic}
   size_t MinHeapSize                              = 8388608                                   {product} {ergonomic}
    uintx NonNMethodCodeHeapSize                   = 5832780                                {pd product} {ergonomic}
    uintx NonProfiledCodeHeapSize                  = 122912730                              {pd product} {ergonomic}
    uintx ProfiledCodeHeapSize                     = 122912730                              {pd product} {ergonomic}
    uintx ReservedCodeCacheSize                    = 251658240                              {pd product} {ergonomic}
     bool SegmentedCodeCache                       = true                                      {product} {ergonomic}
     bool ShowCodeDetailsInExceptionMessages       = true                                   {manageable} {command line}
   size_t SoftMaxHeapSize                          = 2101346304                             {manageable} {ergonomic}
     bool UseCompressedOops                        = true                           {product lp64_product} {ergonomic}
     bool UseG1GC                                  = true                                      {product} {ergonomic}
     bool UseLargePagesIndividualAllocation        = false                                  {pd product} {ergonomic}

Logging:
Log output configuration:
 #0: stdout all=warning uptime,level,tags foldmultilines=false
 #1: stderr all=off uptime,level,tags foldmultilines=false

Environment Variables:
JAVA_HOME=C:\Program Files\Java\jdk-18.0.1.1
PATH=C:\Program Files\Common Files\Oracle\Java\javapath;C:\Program Files (x86)\Common Files\Oracle\Java\java8path;C:\Program Files (x86)\Common Files\Oracle\Java\javapath;C:\Users\singh\AppData\Local\Programs\Python\Python311\Scripts\;C:\Users\singh\AppData\Local\Programs\Python\Python311\;C:\Program Files (x86)\Common Files\Intel\Shared Files\cpp\bin\Intel64;C:\Program Files\Microsoft MPI\Bin\;C:\oraclexe\app\oracle\product\11.2.0\server\bin;C:\Windows\system32;C:\Windows;C:\Windows\System32\Wbem;C:\Windows\System32\WindowsPowerShell\v1.0\;C:\Windows\System32\OpenSSH\;C:\Program Files\Java\jdk-18.0.1.1\bin;C:\Users\singh\AppData\Local\Programs\Python\Python310\Scripts;C:\Users\singh\AppData\Local\Programs\Python\Python310\Scripts;C:\Program Files\Microsoft SQL Server\Client SDK\ODBC\170\Tools\Binn\;C:\Program Files\MongoDB\Server\6.0\bin;C:\mongosh-1.7.1\bin;C:\Program Files\dotnet\;C:\Program Files\nodejs\;C:\ProgramData\chocolatey\bin;C:\Program Files\Git\cmd;C:\Program Files\MySQL\MySQL Server 8.0\bin;C:\Program Files\Redis\;C:\ffmpeg\bin;C:\Program Files\Microsoft SQL Server\150\Tools\Binn\;C:\Program Files (x86)\Windows Kits\10\Windows Performance Toolkit\;C:\Program Files\MySQL\MySQL Shell 8.0\bin\;C:\Users\singh\AppData\Local\Microsoft\WindowsApps;;C:\Users\singh\AppData\Local\Programs\Microsoft VS Code\bin;C:\Users\singh\.dotnet\tools;C:\Users\singh\AppData\Local\JetBrains\PyCharm Community Edition 2022.2.5\bin;;C:\Users\singh\AppData\Roaming\npm;C:\Program Files (x86)\Nmap;c:\Users\singh\.vscode\extensions\vscjava.vscode-java-debug-0.58.5\bundled\scripts\noConfigScripts
USERNAME=singh
LANG=en_US.UTF-8
OS=Windows_NT
PROCESSOR_IDENTIFIER=Intel64 Family 6 Model 122 Stepping 8, GenuineIntel
TMP=C:\Users\singh\AppData\Local\Temp
TEMP=C:\Users\singh\AppData\Local\Temp




Periodic native trim disabled

---------------  S Y S T E M  ---------------

OS:
 Windows 10 , 64 bit Build 19041 (10.0.19041.5915)
OS uptime: 7 days 2:43 hours

CPU: total 4 (initial active 4) (4 cores per cpu, 1 threads per core) family 6 model 122 stepping 8 microcode 0x24, cx8, cmov, fxsr, mmx, 3dnowpref, sse, sse2, sse3, ssse3, sse4.1, sse4.2, popcnt, tsc, tscinvbit, aes, erms, clmul, sha, clflush, clflushopt, rdtscp, rdpid
Processor Information for all 4 processors :
  Max Mhz: 1101, Current Mhz: 1101, Mhz Limit: 1101

Memory: 4k page, system-wide physical 8014M (581M free)
TotalPageFile size 10062M (AvailPageFile size 19M)
current process WorkingSet (physical memory assigned to process): 10M, peak: 10M
current process commit charge ("private bytes"): 51M, peak: 177M

vm_info: Java HotSpot(TM) 64-Bit Server VM (21.0.10+8-LTS-217) for windows-amd64 JRE (21.0.10+8-LTS-217), built on 2025-12-18T14:59:28Z by "mach5run" with MS VC++ 17.13 (VS2022)

END.
